[12:50:03] [Client thread/INFO]: Setting user: Player373
[12:50:05] [Client thread/INFO]: LWJGL Version: 2.9.1
[12:50:08] [Client thread/INFO]: Reloading ResourceManager: Default, FMLFileResourcePack:Forge Mod Loader, FMLFileResourcePack:Minecraft Forge, FMLFileResourcePack:MinecraftGUI
[12:50:08] [Sound Library Loader/INFO]: Starting up SoundSystem...
[12:50:09] [Thread-8/INFO]: Initializing LWJGL OpenAL
[12:50:09] [Thread-8/INFO]: (The LWJGL binding of OpenAL.  For more information, see http://www.lwjgl.org)
[12:50:09] [Thread-8/INFO]: OpenAL initialized.
[12:50:09] [Sound Library Loader/INFO]: Sound engine started
[12:50:12] [Client thread/INFO]: Created: 512x512 textures-atlas
[12:50:12] [Client thread/INFO]: Reloading ResourceManager: Default, FMLFileResourcePack:Forge Mod Loader, FMLFileResourcePack:Minecraft Forge, FMLFileResourcePack:MinecraftGUI
[12:50:12] [Client thread/INFO]: SoundSystem shutting down...
[12:50:13] [Client thread/WARN]: Author: Paul Lamb, www.paulscode.com
[12:50:13] [Sound Library Loader/INFO]: Starting up SoundSystem...
[12:50:13] [Thread-10/INFO]: Initializing LWJGL OpenAL
[12:50:13] [Thread-10/INFO]: (The LWJGL binding of OpenAL.  For more information, see http://www.lwjgl.org)
[12:50:13] [Thread-10/INFO]: OpenAL initialized.
[12:50:13] [Sound Library Loader/INFO]: Sound engine started
[12:50:14] [Client thread/INFO]: Created: 512x512 textures-atlas
[12:50:21] [Server thread/INFO]: Starting integrated minecraft server version 1.8
[12:50:21] [Server thread/INFO]: Generating keypair
[12:50:21] [Server thread/INFO]: Converting map!
[12:50:21] [Server thread/INFO]: Scanning folders...
[12:50:21] [Server thread/INFO]: Total conversion count is 0
[12:50:21] [Server thread/WARN]: Unable to find spawn biome
[12:50:22] [Server thread/INFO]: Preparing start region for level 0
[12:50:23] [Server thread/INFO]: Preparing spawn area: 26%
[12:50:24] [Server thread/INFO]: Preparing spawn area: 53%
[12:50:25] [Server thread/INFO]: Preparing spawn area: 84%
[12:50:25] [Server thread/INFO]: Changing view distance to 12, from 10
[12:50:26] [Server thread/INFO]: Player373[local:E:d0d8ff8d] logged in with entity id 53 at (-269.5, 96.0, 2.5)
[12:50:26] [Server thread/INFO]: Player373 joined the game
[12:50:27] [pool-2-thread-1/WARN]: Couldn't look up profile properties for com.mojang.authlib.GameProfile@57237e51[id=a808da89-2014-3b52-8ec8-9f9283f06338,name=Player373,properties={},legacy=false]
com.mojang.authlib.exceptions.AuthenticationException: The client has sent too many requests within a certain amount of time
	at com.mojang.authlib.yggdrasil.YggdrasilAuthenticationService.makeRequest(YggdrasilAuthenticationService.java:65) ~[YggdrasilAuthenticationService.class:?]
	at com.mojang.authlib.yggdrasil.YggdrasilMinecraftSessionService.fillGameProfile(YggdrasilMinecraftSessionService.java:158) [YggdrasilMinecraftSessionService.class:?]
	at com.mojang.authlib.yggdrasil.YggdrasilMinecraftSessionService$1.load(YggdrasilMinecraftSessionService.java:53) [YggdrasilMinecraftSessionService$1.class:?]
	at com.mojang.authlib.yggdrasil.YggdrasilMinecraftSessionService$1.load(YggdrasilMinecraftSessionService.java:50) [YggdrasilMinecraftSessionService$1.class:?]
	at com.google.common.cache.LocalCache$LoadingValueReference.loadFuture(LocalCache.java:3524) [guava-17.0.jar:?]
	at com.google.common.cache.LocalCache$Segment.loadSync(LocalCache.java:2317) [guava-17.0.jar:?]
	at com.google.common.cache.LocalCache$Segment.lockedGetOrLoad(LocalCache.java:2280) [guava-17.0.jar:?]
	at com.google.common.cache.LocalCache$Segment.get(LocalCache.java:2195) [guava-17.0.jar:?]
	at com.google.common.cache.LocalCache.get(LocalCache.java:3934) [guava-17.0.jar:?]
	at com.google.common.cache.LocalCache.getOrLoad(LocalCache.java:3938) [guava-17.0.jar:?]
	at com.google.common.cache.LocalCache$LocalLoadingCache.get(LocalCache.java:4821) [guava-17.0.jar:?]
	at com.google.common.cache.LocalCache$LocalLoadingCache.getUnchecked(LocalCache.java:4827) [guava-17.0.jar:?]
	at com.mojang.authlib.yggdrasil.YggdrasilMinecraftSessionService.fillProfileProperties(YggdrasilMinecraftSessionService.java:148) [YggdrasilMinecraftSessionService.class:?]
	at net.minecraft.client.resources.SkinManager$3.run(SkinManager.java:138) [SkinManager$3.class:?]
	at java.util.concurrent.Executors$RunnableAdapter.call(Executors.java:471) [?:1.7.0_65]
	at java.util.concurrent.FutureTask.run(FutureTask.java:262) [?:1.7.0_65]
	at java.util.concurrent.ThreadPoolExecutor.runWorker(ThreadPoolExecutor.java:1145) [?:1.7.0_65]
	at java.util.concurrent.ThreadPoolExecutor$Worker.run(ThreadPoolExecutor.java:615) [?:1.7.0_65]
	at java.lang.Thread.run(Thread.java:745) [?:1.7.0_65]
[12:50:31] [Server thread/INFO]: Saving and pausing game...
[12:50:31] [Server thread/INFO]: Saving chunks for level 'New World'/Overworld
[12:50:32] [Server thread/INFO]: Saving chunks for level 'New World'/Nether
[12:50:32] [Server thread/INFO]: Saving chunks for level 'New World'/The End
[12:50:43] [Server thread/INFO]: Stopping server
[12:50:43] [Server thread/INFO]: Saving players
[12:50:43] [Server thread/INFO]: Saving worlds
[12:50:43] [Server thread/INFO]: Saving chunks for level 'New World'/Overworld
[12:50:43] [Server thread/INFO]: Saving chunks for level 'New World'/Nether
[12:50:43] [Server thread/INFO]: Saving chunks for level 'New World'/The End
[12:50:44] [Client thread/FATAL]: Unreported exception thrown!
java.lang.StringIndexOutOfBoundsException: String index out of range: 9
	at java.lang.String.substring(String.java:1907) ~[?:1.7.0_65]
	at minecraftgui.models.components.Input.draw(Input.java:138) ~[Input.class:?]
	at minecraftgui.controllers.MainController.draw(MainController.java:225) ~[MainController.class:?]
	at minecraftgui.controllers.MainController.draw(MainController.java:221) ~[MainController.class:?]
	at minecraftgui.views.ModInterface.update(ModInterface.java:70) ~[ModInterface.class:?]
	at net.minecraftforge.fml.common.eventhandler.ASMEventHandler_6_ModInterface_update_Text.invoke(.dynamic) ~[?:?]
	at net.minecraftforge.fml.common.eventhandler.ASMEventHandler.invoke(ASMEventHandler.java:55) ~[ASMEventHandler.class:?]
	at net.minecraftforge.fml.common.eventhandler.EventBus.post(EventBus.java:138) ~[EventBus.class:?]
	at net.minecraftforge.client.GuiIngameForge.renderHUDText(GuiIngameForge.java:676) ~[GuiIngameForge.class:?]
	at net.minecraftforge.client.GuiIngameForge.renderGameOverlay(GuiIngameForge.java:159) ~[GuiIngameForge.class:?]
	at net.minecraft.client.renderer.EntityRenderer.updateCameraAndRender(EntityRenderer.java:1112) ~[EntityRenderer.class:?]
	at net.minecraft.client.Minecraft.runGameLoop(Minecraft.java:1115) ~[Minecraft.class:?]
	at net.minecraft.client.Minecraft.run(Minecraft.java:376) [Minecraft.class:?]
	at net.minecraft.client.main.Main.main(Main.java:117) [Main.class:?]
	at sun.reflect.NativeMethodAccessorImpl.invoke0(Native Method) ~[?:1.7.0_65]
	at sun.reflect.NativeMethodAccessorImpl.invoke(NativeMethodAccessorImpl.java:57) ~[?:1.7.0_65]
	at sun.reflect.DelegatingMethodAccessorImpl.invoke(DelegatingMethodAccessorImpl.java:43) ~[?:1.7.0_65]
	at java.lang.reflect.Method.invoke(Method.java:606) ~[?:1.7.0_65]
	at net.minecraft.launchwrapper.Launch.launch(Launch.java:135) [launchwrapper-1.11.jar:?]
	at net.minecraft.launchwrapper.Launch.main(Launch.java:28) [launchwrapper-1.11.jar:?]
	at net.minecraftforge.gradle.GradleStartCommon.launch(Unknown Source) [start/:?]
	at GradleStart.main(Unknown Source) [start/:?]
	at sun.reflect.NativeMethodAccessorImpl.invoke0(Native Method) ~[?:1.7.0_65]
	at sun.reflect.NativeMethodAccessorImpl.invoke(NativeMethodAccessorImpl.java:57) ~[?:1.7.0_65]
	at sun.reflect.DelegatingMethodAccessorImpl.invoke(DelegatingMethodAccessorImpl.java:43) ~[?:1.7.0_65]
	at java.lang.reflect.Method.invoke(Method.java:606) ~[?:1.7.0_65]
	at com.intellij.rt.execution.application.AppMain.main(AppMain.java:140) [idea_rt.jar:?]
